<?xml version="1.0" encoding="UTF-8"?>
<!-- Generated by org.testng.reporters.JUnitReportReporter -->
<testsuite skipped="0" hostname="PODIUM3.local" name="com_Api.start_api" tests="6" failures="0" timestamp="2021-05-09T14:33:27 IST" time="111.432" errors="0">
  <testcase name="Session_id" time="54.516" classname="com_Api.start_api"/>
  <testcase name="seat_plan" time="18.071" classname="com_Api.start_api"/>
  <testcase name="create_order" time="16.148" classname="com_Api.start_api"/>
  <testcase name="payment_types" time="6.326" classname="com_Api.start_api"/>
  <testcase name="Initiate_payment" time="10.024" classname="com_Api.start_api"/>
  <testcase name="cancel_order" time="6.347" classname="com_Api.start_api"/>
</testsuite> <!-- com_Api.start_api -->
